<?xml version="1.0" encoding="UTF-8"?>
<testsuite xmlns:xsi="http://www.w3.org/2001/XMLSchema-instance" xsi:noNamespaceSchemaLocation="https://maven.apache.org/surefire/maven-surefire-plugin/xsd/surefire-test-report.xsd" version="3.0.1" name="com.corso.kafka.AppTest" time="0.034" tests="1" errors="0" skipped="0" failures="0">
  <properties>
    <property name="java.specification.version" value="17"/>
    <property name="sun.cpu.isalist" value="amd64"/>
    <property name="sun.jnu.encoding" value="Cp1252"/>
    <property name="java.class.path" value="D:\Corsi\Library\Code\Products\Kafka\corso\BEST0020-kafka\ESERCIZI\DAY-03\ES003\target\test-classes;D:\Corsi\Library\Code\Products\Kafka\corso\BEST0020-kafka\ESERCIZI\DAY-03\ES003\target\classes;C:\Users\AMinelli\.m2\repository\org\apache\kafka\kafka-clients\4.0.0\kafka-clients-4.0.0.jar;C:\Users\AMinelli\.m2\repository\com\github\luben\zstd-jni\1.5.6-6\zstd-jni-1.5.6-6.jar;C:\Users\AMinelli\.m2\repository\org\lz4\lz4-java\1.8.0\lz4-java-1.8.0.jar;C:\Users\AMinelli\.m2\repository\org\xerial\snappy\snappy-java\1.1.10.5\snappy-java-1.1.10.5.jar;C:\Users\AMinelli\.m2\repository\org\slf4j\slf4j-api\1.7.36\slf4j-api-1.7.36.jar;C:\Users\AMinelli\.m2\repository\org\junit\jupiter\junit-jupiter-api\5.11.0\junit-jupiter-api-5.11.0.jar;C:\Users\AMinelli\.m2\repository\org\opentest4j\opentest4j\1.3.0\opentest4j-1.3.0.jar;C:\Users\AMinelli\.m2\repository\org\junit\platform\junit-platform-commons\1.11.0\junit-platform-commons-1.11.0.jar;C:\Users\AMinelli\.m2\repository\org\apiguardian\apiguardian-api\1.1.2\apiguardian-api-1.1.2.jar;C:\Users\AMinelli\.m2\repository\org\junit\jupiter\junit-jupiter-params\5.11.0\junit-jupiter-params-5.11.0.jar;"/>
    <property name="java.vm.vendor" value="Oracle Corporation"/>
    <property name="sun.arch.data.model" value="64"/>
    <property name="user.variant" value=""/>
    <property name="java.vendor.url" value="https://java.oracle.com/"/>
    <property name="user.timezone" value="Europe/Rome"/>
    <property name="os.name" value="Windows 11"/>
    <property name="java.vm.specification.version" value="17"/>
    <property name="sun.java.launcher" value="SUN_STANDARD"/>
    <property name="user.country" value="GB"/>
    <property name="sun.boot.library.path" value="D:\Tools\Java\JDK\jdk-17.0.8\bin"/>
    <property name="sun.java.command" value="C:\Users\AMinelli\AppData\Local\Temp\surefire5501952623145602916\surefirebooter-20250625171946594_3.jar C:\Users\AMinelli\AppData\Local\Temp\surefire5501952623145602916 2025-06-25T17-19-46_440-jvmRun1 surefire-20250625171946594_1tmp surefire_0-20250625171946594_2tmp"/>
    <property name="jdk.debug" value="release"/>
    <property name="surefire.test.class.path" value="D:\Corsi\Library\Code\Products\Kafka\corso\BEST0020-kafka\ESERCIZI\DAY-03\ES003\target\test-classes;D:\Corsi\Library\Code\Products\Kafka\corso\BEST0020-kafka\ESERCIZI\DAY-03\ES003\target\classes;C:\Users\AMinelli\.m2\repository\org\apache\kafka\kafka-clients\4.0.0\kafka-clients-4.0.0.jar;C:\Users\AMinelli\.m2\repository\com\github\luben\zstd-jni\1.5.6-6\zstd-jni-1.5.6-6.jar;C:\Users\AMinelli\.m2\repository\org\lz4\lz4-java\1.8.0\lz4-java-1.8.0.jar;C:\Users\AMinelli\.m2\repository\org\xerial\snappy\snappy-java\1.1.10.5\snappy-java-1.1.10.5.jar;C:\Users\AMinelli\.m2\repository\org\slf4j\slf4j-api\1.7.36\slf4j-api-1.7.36.jar;C:\Users\AMinelli\.m2\repository\org\junit\jupiter\junit-jupiter-api\5.11.0\junit-jupiter-api-5.11.0.jar;C:\Users\AMinelli\.m2\repository\org\opentest4j\opentest4j\1.3.0\opentest4j-1.3.0.jar;C:\Users\AMinelli\.m2\repository\org\junit\platform\junit-platform-commons\1.11.0\junit-platform-commons-1.11.0.jar;C:\Users\AMinelli\.m2\repository\org\apiguardian\apiguardian-api\1.1.2\apiguardian-api-1.1.2.jar;C:\Users\AMinelli\.m2\repository\org\junit\jupiter\junit-jupiter-params\5.11.0\junit-jupiter-params-5.11.0.jar;"/>
    <property name="sun.cpu.endian" value="little"/>
    <property name="user.home" value="C:\Users\AMinelli"/>
    <property name="user.language" value="en"/>
    <property name="java.specification.vendor" value="Oracle Corporation"/>
    <property name="java.version.date" value="2023-07-18"/>
    <property name="java.home" value="D:\Tools\Java\JDK\jdk-17.0.8"/>
    <property name="file.separator" value="\"/>
    <property name="basedir" value="D:\Corsi\Library\Code\Products\Kafka\corso\BEST0020-kafka\ESERCIZI\DAY-03\ES003"/>
    <property name="java.vm.compressedOopsMode" value="Zero based"/>
    <property name="line.separator" value="&#10;"/>
    <property name="java.vm.specification.vendor" value="Oracle Corporation"/>
    <property name="java.specification.name" value="Java Platform API Specification"/>
    <property name="surefire.real.class.path" value="C:\Users\AMinelli\AppData\Local\Temp\surefire5501952623145602916\surefirebooter-20250625171946594_3.jar"/>
    <property name="user.script" value=""/>
    <property name="sun.management.compiler" value="HotSpot 64-Bit Tiered Compilers"/>
    <property name="java.runtime.version" value="17.0.8+9-LTS-211"/>
    <property name="user.name" value="AMinelli"/>
    <property name="path.separator" value=";"/>
    <property name="os.version" value="10.0"/>
    <property name="java.runtime.name" value="Java(TM) SE Runtime Environment"/>
    <property name="file.encoding" value="Cp1252"/>
    <property name="java.vm.name" value="Java HotSpot(TM) 64-Bit Server VM"/>
    <property name="localRepository" value="C:\Users\AMinelli\.m2\repository"/>
    <property name="java.vendor.url.bug" value="https://bugreport.java.com/bugreport/"/>
    <property name="java.io.tmpdir" value="C:\Users\AMinelli\AppData\Local\Temp\"/>
    <property name="java.version" value="17.0.8"/>
    <property name="user.dir" value="D:\Corsi\Library\Code\Products\Kafka\corso\BEST0020-kafka\ESERCIZI\DAY-03\ES003"/>
    <property name="os.arch" value="amd64"/>
    <property name="java.vm.specification.name" value="Java Virtual Machine Specification"/>
    <property name="sun.os.patch.level" value=""/>
    <property name="native.encoding" value="Cp1252"/>
    <property name="java.library.path" value="D:\Tools\Java\JDK\jdk-17.0.8\bin;C:\Windows\Sun\Java\bin;C:\Windows\system32;C:\Windows;D:\Program Files\Quarto\bin;C:\Program Files\Microsoft SDKs\Azure\CLI2\wbin;C:\Python313\Scripts\;C:\Python313\;D:\Tools\Python\Python312_8\Scripts\;D:\Tools\Python\Python312_8\;C:\Windows;D:\Tools\Java\JDK\jdk-17.0.8\bin;D:\Tools\Flutter\flutter\bin;C:\Windows\system32;C:\Windows\system32\Wbem;C:\Windows\system32\WindowsPowerShell\v1.0\;C:\Windows\system32\OpenSSH\;C:\Program Files\Microsoft SDKs\Azure\CLI2\wbin;D:\Tools\nodejs\;D:\Tools\Tortoise\Git\bin;D:\Tools\Tortoise\svn\bin;D:\tools\Git\cmd;D:\Tools\BuildAutomation\ant\1.9.16\bin;D:\Tools\BuildAutomation\gradle\8.4\bin;D:\Tools\BuildAutomation\maven\3.9.5\bin;D:\Tools\Azure\Azure Data Studio\bin;D:\Tools\Graphviz\bin;D:\Tools\SAP\DB;C:\Program Files (x86)\VMware\VMware Workstation\bin\;C:\Program Files\dotnet\;C:\Program Files (x86)\Windows Kits\10\Windows Performance Toolkit\;C:\Program Files\Calibre2\;d:\Program Files (x86)\Google\Cloud SDK\google-cloud-sdk\bin;C:\Program Files\PowerShell\7\;C:\Program Files\Amazon\AWSCLIV2\;C:\Program Files\Microsoft SQL Server\160\DTS\Binn\;C:\Program Files\Microsoft SQL Server\160\Tools\Binn\;C:\Program Files\Microsoft SQL Server\150\Tools\Binn\;C:\Program Files\Microsoft SQL Server\Client SDK\ODBC\170\Tools\Binn\;C:\Program Files (x86)\Microsoft SQL Server\160\Tools\Binn\;C:\Program Files (x86)\Microsoft SQL Server\160\DTS\Binn\;C:\Program Files\Sql Server Extension\;C:\Program Files (x86)\Embarcadero\Studio\22.0\bin;C:\Program Files (x86)\Embarcadero\Studio\22.0\bin64;C:\Users\Public\Documents\Embarcadero\Studio\22.0\Bpl;D:\Tools\Android\sdk\platform-tools;D:\Tools\Tortoise\Git\bin;D:\Program Files\Pandoc\;C:\Users\AMinelli\AppData\Local\Pub\Cache\bin;C:\Program Files\Amazon\AWSCLIV2\;D:\Tools\Azure\Azure Data Studio\bin;C:\Program Files (x86)\Google\Cloud SDK\google-cloud-sdk\bin;D:\Tools\nodejs\;D:\tools\Git\cmd;C:\Program Files (x86)\Microsoft SQL Server\160\DTS\Binn\;D:\Tools\Terraform\terraform_1.11.4_windows_386;C:\Program Files\PowerShell\7\;D:\Program Files\GitHub CLI\;C:\Program Files\Docker\Docker\resources\bin;C:\Users\AMinelli\AppData\Local\Microsoft\PowerAppsCLI\;C:\Users\AMinelli\AppData\Local\UniGetUI\Chocolatey\bin;D:\Program Files\WingetUI\choco-cli\bin;C:\Users\AMinelli\.dotnet\tools;C:\Users\AMinelli\AppData\Local\Programs\Microsoft VS Code\bin;C:\Users\AMinelli\AppData\Local\GitHubDesktop\bin;C:\Users\AMinelli\AppData\Local\Microsoft\WindowsApps;D:\Tools\Windsurf\bin;D:\Program Files (x86)\ClamAV;C:\Users\AMinelli\AppData\Local\Coursier\data\bin;D:\Tools\Azure\Azure Data Studio\bin;C:\Users\AMinelli\.dotnet\tools;C:\Users\AMinelli\AppData\Roaming\npm;D:\Tools\MongoDB\mongosh-2.3.9-win32-x64\bin;C:\Users\AMinelli\AppData\Local\Programs\Azure Dev CLI\;C:\Users\AMinelli\AppData\Local\Microsoft\WinGet\Links;;c:\Users\AMinelli\AppData\Roaming\Code\User\globalStorage\github.copilot-chat\debugCommand;."/>
    <property name="java.vm.info" value="mixed mode, sharing"/>
    <property name="java.vendor" value="Oracle Corporation"/>
    <property name="java.vm.version" value="17.0.8+9-LTS-211"/>
    <property name="sun.io.unicode.encoding" value="UnicodeLittle"/>
    <property name="java.class.version" value="61.0"/>
  </properties>
  <testcase name="shouldAnswerWithTrue" classname="com.corso.kafka.AppTest" time="0.014"/>
</testsuite>